2019-09-09 17:01:39,907 INFO o.a.j.u.JMeterUtils: Setting Locale to en_EN
2019-09-09 17:01:39,937 INFO o.a.j.JMeter: Loading user properties from: /Users/yangyue/tool/jmeter-5.1.1/bin/user.properties
2019-09-09 17:01:39,938 INFO o.a.j.JMeter: Loading system properties from: /Users/yangyue/tool/jmeter-5.1.1/bin/system.properties
2019-09-09 17:01:39,967 INFO o.a.j.JMeter: Copyright (c) 1998-2019 The Apache Software Foundation
2019-09-09 17:01:39,967 INFO o.a.j.JMeter: Version 5.1.1 r1855137
2019-09-09 17:01:39,967 INFO o.a.j.JMeter: java.version=1.8.0_202
2019-09-09 17:01:39,967 INFO o.a.j.JMeter: java.vm.name=Java HotSpot(TM) 64-Bit Server VM
2019-09-09 17:01:39,967 INFO o.a.j.JMeter: os.name=Mac OS X
2019-09-09 17:01:39,967 INFO o.a.j.JMeter: os.arch=x86_64
2019-09-09 17:01:39,967 INFO o.a.j.JMeter: os.version=10.14.6
2019-09-09 17:01:39,967 INFO o.a.j.JMeter: file.encoding=UTF-8
2019-09-09 17:01:39,967 INFO o.a.j.JMeter: java.awt.headless=true
2019-09-09 17:01:39,968 INFO o.a.j.JMeter: Max memory     =1073741824
2019-09-09 17:01:39,968 INFO o.a.j.JMeter: Available Processors =4
2019-09-09 17:01:39,972 INFO o.a.j.JMeter: Default Locale=English (EN)
2019-09-09 17:01:39,973 INFO o.a.j.JMeter: JMeter  Locale=English (EN)
2019-09-09 17:01:39,973 INFO o.a.j.JMeter: JMeterHome=/Users/yangyue/tool/jmeter-5.1.1
2019-09-09 17:01:39,973 INFO o.a.j.JMeter: user.dir  =/Users/yangyue/project/teamprism-ue/jmeter
2019-09-09 17:01:39,973 INFO o.a.j.JMeter: PWD       =/Users/yangyue/project/teamprism-ue/jmeter
2019-09-09 17:01:39,975 INFO o.a.j.JMeter: IP: 192.168.102.41 Name: yangyuedeMacBook-2.local FullName: 192.168.102.41
2019-09-09 17:01:39,980 INFO o.a.j.s.FileServer: Default base='/Users/yangyue/project/teamprism-ue/jmeter'
2019-09-09 17:01:39,986 INFO o.a.j.s.FileServer: Set new base='/Users/yangyue/project/teamprism-ue/jmeter'
2019-09-09 17:01:40,180 INFO o.a.j.s.SaveService: Testplan (JMX) version: 2.2. Testlog (JTL) version: 2.2
2019-09-09 17:01:40,208 INFO o.a.j.s.SaveService: Using SaveService properties file encoding UTF-8
2019-09-09 17:01:40,214 INFO o.a.j.s.SaveService: Using SaveService properties version 5.0
2019-09-09 17:01:40,222 INFO o.a.j.s.SaveService: Loading file: 数据库连接测试.jmx
2019-09-09 17:01:40,278 INFO o.a.j.p.h.s.HTTPSamplerBase: Parser for text/html is org.apache.jmeter.protocol.http.parser.LagartoBasedHtmlParser
2019-09-09 17:01:40,278 INFO o.a.j.p.h.s.HTTPSamplerBase: Parser for application/xhtml+xml is org.apache.jmeter.protocol.http.parser.LagartoBasedHtmlParser
2019-09-09 17:01:40,278 INFO o.a.j.p.h.s.HTTPSamplerBase: Parser for application/xml is org.apache.jmeter.protocol.http.parser.LagartoBasedHtmlParser
2019-09-09 17:01:40,279 INFO o.a.j.p.h.s.HTTPSamplerBase: Parser for text/xml is org.apache.jmeter.protocol.http.parser.LagartoBasedHtmlParser
2019-09-09 17:01:40,279 INFO o.a.j.p.h.s.HTTPSamplerBase: Parser for text/vnd.wap.wml is org.apache.jmeter.protocol.http.parser.RegexpHTMLParser
2019-09-09 17:01:40,279 INFO o.a.j.p.h.s.HTTPSamplerBase: Parser for text/css is org.apache.jmeter.protocol.http.parser.CssParser
2019-09-09 17:01:40,316 INFO o.a.j.JMeter: Creating summariser <summary>
2019-09-09 17:01:40,324 INFO o.a.j.e.StandardJMeterEngine: Running the test!
2019-09-09 17:01:40,325 INFO o.a.j.s.SampleEvent: List of sample_variables: []
2019-09-09 17:01:40,325 INFO o.a.j.s.SampleEvent: List of sample_variables: []
2019-09-09 17:01:40,336 INFO o.a.j.e.u.CompoundVariable: Note: Function class names must contain the string: '.functions.'
2019-09-09 17:01:40,336 INFO o.a.j.e.u.CompoundVariable: Note: Function class names must not contain the string: '.gui.'
2019-09-09 17:01:40,857 INFO o.a.j.JMeter: Running test (1568019700857)
2019-09-09 17:01:40,906 INFO o.a.j.e.StandardJMeterEngine: Starting ThreadGroup: 1 : 线程组
2019-09-09 17:01:40,906 INFO o.a.j.e.StandardJMeterEngine: Starting 20 threads for group 线程组.
2019-09-09 17:01:40,906 INFO o.a.j.e.StandardJMeterEngine: Thread will continue on error
2019-09-09 17:01:40,907 INFO o.a.j.t.ThreadGroup: Starting thread group... number=1 threads=20 ramp-up=0 delayedStart=false
2019-09-09 17:01:40,916 INFO o.a.j.t.JMeterThread: Thread started: 线程组 1-1
2019-09-09 17:01:40,916 INFO o.a.j.t.JMeterThread: Thread started: 线程组 1-2
2019-09-09 17:01:40,916 INFO o.a.j.t.JMeterThread: Thread started: 线程组 1-3
2019-09-09 17:01:40,918 INFO o.a.j.t.JMeterThread: Thread started: 线程组 1-4
2019-09-09 17:01:40,920 INFO o.a.j.t.JMeterThread: Thread started: 线程组 1-5
2019-09-09 17:01:40,922 INFO o.a.j.t.JMeterThread: Thread started: 线程组 1-6
2019-09-09 17:01:40,926 INFO o.a.j.t.JMeterThread: Thread started: 线程组 1-7
2019-09-09 17:01:40,927 INFO o.a.j.t.JMeterThread: Thread started: 线程组 1-8
2019-09-09 17:01:40,928 INFO o.a.j.t.JMeterThread: Thread started: 线程组 1-9
2019-09-09 17:01:40,930 INFO o.a.j.t.JMeterThread: Thread started: 线程组 1-10
2019-09-09 17:01:40,931 INFO o.a.j.t.JMeterThread: Thread started: 线程组 1-11
2019-09-09 17:01:40,934 INFO o.a.j.t.JMeterThread: Thread started: 线程组 1-12
2019-09-09 17:01:40,936 INFO o.a.j.t.JMeterThread: Thread started: 线程组 1-13
2019-09-09 17:01:40,938 INFO o.a.j.t.JMeterThread: Thread started: 线程组 1-14
2019-09-09 17:01:40,941 INFO o.a.j.t.JMeterThread: Thread started: 线程组 1-15
2019-09-09 17:01:40,941 INFO o.a.j.t.JMeterThread: Thread started: 线程组 1-16
2019-09-09 17:01:40,944 INFO o.a.j.t.JMeterThread: Thread started: 线程组 1-17
2019-09-09 17:01:40,948 INFO o.a.j.t.JMeterThread: Thread started: 线程组 1-18
2019-09-09 17:01:40,949 INFO o.a.j.p.h.s.HTTPHCAbstractImpl: Local host = yangyuedeMacBook-2.local
2019-09-09 17:01:40,950 INFO o.a.j.t.JMeterThread: Thread started: 线程组 1-19
2019-09-09 17:01:40,959 INFO o.a.j.t.ThreadGroup: Started thread group number 1
2019-09-09 17:01:40,960 INFO o.a.j.e.StandardJMeterEngine: All thread groups have been started
2019-09-09 17:01:40,959 INFO o.a.j.t.JMeterThread: Thread started: 线程组 1-20
2019-09-09 17:01:40,962 INFO o.a.j.p.h.s.HTTPHC4Impl: HTTP request retry count = 0
2019-09-09 17:01:40,965 INFO o.a.j.s.SampleResult: Note: Sample TimeStamps are START times
2019-09-09 17:01:40,965 INFO o.a.j.s.SampleResult: sampleresult.default.encoding is set to ISO-8859-1
2019-09-09 17:01:40,966 INFO o.a.j.s.SampleResult: sampleresult.useNanoTime=true
2019-09-09 17:01:40,966 INFO o.a.j.s.SampleResult: sampleresult.nanoThreadSleep=5000
2019-09-09 17:01:41,291 INFO o.a.j.u.JsseSSLManager: Using default SSL protocol: TLS
2019-09-09 17:01:41,292 INFO o.a.j.u.JsseSSLManager: SSL session context: per-thread
2019-09-09 17:01:43,402 INFO o.a.j.t.JMeterThread: Thread is done: 线程组 1-18
2019-09-09 17:01:43,402 INFO o.a.j.t.JMeterThread: Thread finished: 线程组 1-18
2019-09-09 17:01:43,423 INFO o.a.j.t.JMeterThread: Thread is done: 线程组 1-6
2019-09-09 17:01:43,423 INFO o.a.j.t.JMeterThread: Thread finished: 线程组 1-6
2019-09-09 17:01:43,426 INFO o.a.j.t.JMeterThread: Thread is done: 线程组 1-19
2019-09-09 17:01:43,427 INFO o.a.j.t.JMeterThread: Thread finished: 线程组 1-19
2019-09-09 17:01:43,439 INFO o.a.j.t.JMeterThread: Thread is done: 线程组 1-17
2019-09-09 17:01:43,439 INFO o.a.j.t.JMeterThread: Thread finished: 线程组 1-17
2019-09-09 17:01:43,445 INFO o.a.j.t.JMeterThread: Thread is done: 线程组 1-13
2019-09-09 17:01:43,446 INFO o.a.j.t.JMeterThread: Thread finished: 线程组 1-13
2019-09-09 17:01:43,456 INFO o.a.j.t.JMeterThread: Thread is done: 线程组 1-14
2019-09-09 17:01:43,456 INFO o.a.j.t.JMeterThread: Thread finished: 线程组 1-14
2019-09-09 17:01:43,458 INFO o.a.j.t.JMeterThread: Thread is done: 线程组 1-15
2019-09-09 17:01:43,459 INFO o.a.j.t.JMeterThread: Thread finished: 线程组 1-15
2019-09-09 17:01:43,467 INFO o.a.j.t.JMeterThread: Thread is done: 线程组 1-5
2019-09-09 17:01:43,467 INFO o.a.j.t.JMeterThread: Thread finished: 线程组 1-5
2019-09-09 17:01:43,470 INFO o.a.j.t.JMeterThread: Thread is done: 线程组 1-3
2019-09-09 17:01:43,470 INFO o.a.j.t.JMeterThread: Thread finished: 线程组 1-3
2019-09-09 17:01:43,478 INFO o.a.j.t.JMeterThread: Thread is done: 线程组 1-2
2019-09-09 17:01:43,478 INFO o.a.j.t.JMeterThread: Thread finished: 线程组 1-2
2019-09-09 17:01:43,481 INFO o.a.j.t.JMeterThread: Thread is done: 线程组 1-16
2019-09-09 17:01:43,481 INFO o.a.j.t.JMeterThread: Thread finished: 线程组 1-16
2019-09-09 17:01:43,491 INFO o.a.j.t.JMeterThread: Thread is done: 线程组 1-9
2019-09-09 17:01:43,491 INFO o.a.j.t.JMeterThread: Thread finished: 线程组 1-9
2019-09-09 17:01:43,493 INFO o.a.j.t.JMeterThread: Thread is done: 线程组 1-20
2019-09-09 17:01:43,494 INFO o.a.j.t.JMeterThread: Thread finished: 线程组 1-20
2019-09-09 17:01:43,507 INFO o.a.j.t.JMeterThread: Thread is done: 线程组 1-4
2019-09-09 17:01:43,507 INFO o.a.j.t.JMeterThread: Thread finished: 线程组 1-4
2019-09-09 17:01:43,511 INFO o.a.j.t.JMeterThread: Thread is done: 线程组 1-8
2019-09-09 17:01:43,511 INFO o.a.j.t.JMeterThread: Thread finished: 线程组 1-8
2019-09-09 17:01:43,522 INFO o.a.j.t.JMeterThread: Thread is done: 线程组 1-1
2019-09-09 17:01:43,523 INFO o.a.j.t.JMeterThread: Thread finished: 线程组 1-1
2019-09-09 17:01:43,526 INFO o.a.j.t.JMeterThread: Thread is done: 线程组 1-11
2019-09-09 17:01:43,527 INFO o.a.j.t.JMeterThread: Thread finished: 线程组 1-11
2019-09-09 17:01:43,534 INFO o.a.j.t.JMeterThread: Thread is done: 线程组 1-7
2019-09-09 17:01:43,534 INFO o.a.j.t.JMeterThread: Thread finished: 线程组 1-7
2019-09-09 17:01:43,537 INFO o.a.j.t.JMeterThread: Thread is done: 线程组 1-12
2019-09-09 17:01:43,537 INFO o.a.j.t.JMeterThread: Thread finished: 线程组 1-12
2019-09-09 17:01:43,542 INFO o.a.j.t.JMeterThread: Thread is done: 线程组 1-10
2019-09-09 17:01:43,542 INFO o.a.j.t.JMeterThread: Thread finished: 线程组 1-10
2019-09-09 17:01:43,542 INFO o.a.j.e.StandardJMeterEngine: Notifying test listeners of end of test
2019-09-09 17:01:43,543 INFO o.a.j.r.Summariser: summary =    200 in 00:00:03 =   74.5/s Avg:   235 Min:   130 Max:   374 Err:     0 (0.00%)
